<?xml version="1.0" encoding="UTF-8"?>
<testng-results skipped="0" failed="0" ignored="0" total="2" passed="2">
  <reporter-output>
  </reporter-output>
  <suite name="KryGuru Test Suite" duration-ms="40196" started-at="2017-06-23T13:08:49Z" finished-at="2017-06-23T13:09:29Z">
    <groups>
    </groups>
    <test name="KryGuru Test" duration-ms="40196" started-at="2017-06-23T13:08:49Z" finished-at="2017-06-23T13:09:29Z">
      <class name="test.KryGuruTest">
        <test-method status="PASS" signature="readConfig(org.testng.ITestContext)[pri:0, instance:test.KryGuruTest@55f3ddb1]" name="readConfig" is-config="true" duration-ms="41" started-at="2017-06-23T18:38:49Z" finished-at="2017-06-23T18:38:49Z">
          <params>
            <param index="0">
              <value>
                <![CDATA[org.testng.TestRunner@627551fb]]>
              </value>
            </param>
          </params>
          <reporter-output>
          </reporter-output>
        </test-method> <!-- readConfig -->
        <test-method status="PASS" signature="setUp()[pri:0, instance:test.KryGuruTest@55f3ddb1]" name="setUp" is-config="true" duration-ms="6204" started-at="2017-06-23T18:38:49Z" finished-at="2017-06-23T18:38:55Z">
          <reporter-output>
          </reporter-output>
        </test-method> <!-- setUp -->
        <test-method status="PASS" signature="beforeMethod(java.lang.reflect.Method)[pri:0, instance:test.KryGuruTest@55f3ddb1]" name="beforeMethod" is-config="true" duration-ms="1" started-at="2017-06-23T18:38:55Z" finished-at="2017-06-23T18:38:55Z">
          <params>
            <param index="0">
              <value>
                <![CDATA[public void test.KryGuruTest.loginTest()]]>
              </value>
            </param>
          </params>
          <reporter-output>
          </reporter-output>
        </test-method> <!-- beforeMethod -->
        <test-method status="PASS" signature="openBrwsr()[pri:0, instance:test.KryGuruTest@55f3ddb1]" name="openBrwsr" is-config="true" duration-ms="3441" started-at="2017-06-23T18:38:55Z" finished-at="2017-06-23T18:38:58Z">
          <reporter-output>
          </reporter-output>
        </test-method> <!-- openBrwsr -->
        <test-method status="PASS" signature="loginTest()[pri:0, instance:test.KryGuruTest@55f3ddb1]" name="loginTest" duration-ms="3681" started-at="2017-06-23T18:38:58Z" finished-at="2017-06-23T18:39:02Z">
          <reporter-output>
          </reporter-output>
        </test-method> <!-- loginTest -->
        <test-method status="PASS" signature="afterMethod()[pri:0, instance:test.KryGuruTest@55f3ddb1]" name="afterMethod" is-config="true" duration-ms="1" started-at="2017-06-23T18:39:02Z" finished-at="2017-06-23T18:39:02Z">
          <reporter-output>
          </reporter-output>
        </test-method> <!-- afterMethod -->
        <test-method status="PASS" signature="beforeMethod(java.lang.reflect.Method)[pri:0, instance:test.KryGuruTest@55f3ddb1]" name="beforeMethod" is-config="true" duration-ms="1" started-at="2017-06-23T18:39:02Z" finished-at="2017-06-23T18:39:02Z">
          <params>
            <param index="0">
              <value>
                <![CDATA[public void test.KryGuruTest.registrationTest()]]>
              </value>
            </param>
          </params>
          <reporter-output>
          </reporter-output>
        </test-method> <!-- beforeMethod -->
        <test-method status="PASS" signature="openBrwsr()[pri:0, instance:test.KryGuruTest@55f3ddb1]" name="openBrwsr" is-config="true" duration-ms="822" started-at="2017-06-23T18:39:02Z" finished-at="2017-06-23T18:39:03Z">
          <reporter-output>
          </reporter-output>
        </test-method> <!-- openBrwsr -->
        <test-method status="PASS" signature="registrationTest()[pri:0, instance:test.KryGuruTest@55f3ddb1]" name="registrationTest" duration-ms="25693" started-at="2017-06-23T18:39:03Z" finished-at="2017-06-23T18:39:29Z">
          <reporter-output>
          </reporter-output>
        </test-method> <!-- registrationTest -->
        <test-method status="PASS" signature="afterMethod()[pri:0, instance:test.KryGuruTest@55f3ddb1]" name="afterMethod" is-config="true" duration-ms="0" started-at="2017-06-23T18:39:29Z" finished-at="2017-06-23T18:39:29Z">
          <reporter-output>
          </reporter-output>
        </test-method> <!-- afterMethod -->
        <test-method status="PASS" signature="tearDown()[pri:0, instance:test.KryGuruTest@55f3ddb1]" name="tearDown" is-config="true" duration-ms="327" started-at="2017-06-23T18:39:29Z" finished-at="2017-06-23T18:39:29Z">
          <reporter-output>
          </reporter-output>
        </test-method> <!-- tearDown -->
      </class> <!-- test.KryGuruTest -->
    </test> <!-- KryGuru Test -->
  </suite> <!-- KryGuru Test Suite -->
</testng-results>
